<?xml version="1.0" encoding="UTF-8"?>
<!-- Generated by org.testng.reporters.JUnitXMLReporter -->
<testsuite hostname="DESKTOP-95ENLNH" name="Default test" tests="2" failures="0" timestamp="17 Jul 2020 20:08:30 GMT" time="3.327" errors="0">
  <testcase name="@BeforeMethod setUp" time="0.0" classname="com.etsy.qa.testCases.SigninPageTest">
    <failure type="org.openqa.selenium.SessionNotCreatedException" message="session not created: This version of ChromeDriver only supports Chrome version 84
Build info: version: &amp;apos;3.8.1&amp;apos;, revision: &amp;apos;6e95a6684b&amp;apos;, time: &amp;apos;2017-12-01T18:33:54.468Z&amp;apos;
System info: host: &amp;apos;DESKTOP-95ENLNH&amp;apos;, ip: &amp;apos;192.168.43.48&amp;apos;, os.name: &amp;apos;Windows 8.1&amp;apos;, os.arch: &amp;apos;amd64&amp;apos;, os.version: &amp;apos;6.3&amp;apos;, java.version: &amp;apos;1.8.0_25&amp;apos;
Driver info: driver.version: ChromeDriver
remote stacktrace: Backtrace:
	Ordinal0 [0x010687E3+2852835]
	Ordinal0 [0x00F55BB1+1727409]
	Ordinal0 [0x00E2E4B9+517305]
	Ordinal0 [0x00DC0BA0+68512]
	Ordinal0 [0x00DBD3A0+54176]
	Ordinal0 [0x00DDD9F7+186871]
	Ordinal0 [0x00DDD7FD+186365]
	Ordinal0 [0x00DDB70B+177931]
	Ordinal0 [0x00DC2584+75140]
	Ordinal0 [0x00DC3650+79440]
	Ordinal0 [0x00DC35E9+79337]
	Ordinal0 [0x00F6AD5C+1813852]
	GetHandleVerifier [0x0118C616+1075574]
	GetHandleVerifier [0x0118C367+1074887]
	GetHandleVerifier [0x01197497+1120247]
	GetHandleVerifier [0x0118CC16+1077110]
	Ordinal0 [0x00F63206+1782278]
	Ordinal0 [0x00F6C3BB+1819579]
	Ordinal0 [0x00F6C523+1819939]
	Ordinal0 [0x00F82B45+1911621]
	BaseThreadInitThunk [0x75500419+25]
	RtlGetAppContainerNamedObjectPath [0x77DF66DD+237]
	RtlGetAppContainerNamedObjectPath [0x77DF66AD+189]
">
      <![CDATA[org.openqa.selenium.SessionNotCreatedException: session not created: This version of ChromeDriver only supports Chrome version 84
Build info: version: '3.8.1', revision: '6e95a6684b', time: '2017-12-01T18:33:54.468Z'
System info: host: 'DESKTOP-95ENLNH', ip: '192.168.43.48', os.name: 'Windows 8.1', os.arch: 'amd64', os.version: '6.3', java.version: '1.8.0_25'
Driver info: driver.version: ChromeDriver
remote stacktrace: Backtrace:
	Ordinal0 [0x010687E3+2852835]
	Ordinal0 [0x00F55BB1+1727409]
	Ordinal0 [0x00E2E4B9+517305]
	Ordinal0 [0x00DC0BA0+68512]
	Ordinal0 [0x00DBD3A0+54176]
	Ordinal0 [0x00DDD9F7+186871]
	Ordinal0 [0x00DDD7FD+186365]
	Ordinal0 [0x00DDB70B+177931]
	Ordinal0 [0x00DC2584+75140]
	Ordinal0 [0x00DC3650+79440]
	Ordinal0 [0x00DC35E9+79337]
	Ordinal0 [0x00F6AD5C+1813852]
	GetHandleVerifier [0x0118C616+1075574]
	GetHandleVerifier [0x0118C367+1074887]
	GetHandleVerifier [0x01197497+1120247]
	GetHandleVerifier [0x0118CC16+1077110]
	Ordinal0 [0x00F63206+1782278]
	Ordinal0 [0x00F6C3BB+1819579]
	Ordinal0 [0x00F6C523+1819939]
	Ordinal0 [0x00F82B45+1911621]
	BaseThreadInitThunk [0x75500419+25]
	RtlGetAppContainerNamedObjectPath [0x77DF66DD+237]
	RtlGetAppContainerNamedObjectPath [0x77DF66AD+189]

	at sun.reflect.NativeConstructorAccessorImpl.newInstance0(Native Method)
	at sun.reflect.NativeConstructorAccessorImpl.newInstance(Unknown Source)
	at sun.reflect.DelegatingConstructorAccessorImpl.newInstance(Unknown Source)
	at java.lang.reflect.Constructor.newInstance(Unknown Source)
	at org.openqa.selenium.remote.W3CHandshakeResponse.lambda$new$0(W3CHandshakeResponse.java:57)
	at org.openqa.selenium.remote.W3CHandshakeResponse$$Lambda$114/1147805316.apply(Unknown Source)
	at org.openqa.selenium.remote.W3CHandshakeResponse.lambda$getResponseFunction$2(W3CHandshakeResponse.java:104)
	at org.openqa.selenium.remote.W3CHandshakeResponse$$Lambda$116/643290333.apply(Unknown Source)
	at org.openqa.selenium.remote.ProtocolHandshake.lambda$createSession$0(ProtocolHandshake.java:123)
	at org.openqa.selenium.remote.ProtocolHandshake$$Lambda$117/1204481453.apply(Unknown Source)
	at java.util.stream.ReferencePipeline$3$1.accept(Unknown Source)
	at java.util.Spliterators$ArraySpliterator.tryAdvance(Unknown Source)
	at java.util.stream.ReferencePipeline.forEachWithCancel(Unknown Source)
	at java.util.stream.AbstractPipeline.copyIntoWithCancel(Unknown Source)
	at java.util.stream.AbstractPipeline.copyInto(Unknown Source)
	at java.util.stream.AbstractPipeline.wrapAndCopyInto(Unknown Source)
	at java.util.stream.FindOps$FindOp.evaluateSequential(Unknown Source)
	at java.util.stream.AbstractPipeline.evaluate(Unknown Source)
	at java.util.stream.ReferencePipeline.findFirst(Unknown Source)
	at org.openqa.selenium.remote.ProtocolHandshake.createSession(ProtocolHandshake.java:126)
	at org.openqa.selenium.remote.ProtocolHandshake.createSession(ProtocolHandshake.java:73)
	at org.openqa.selenium.remote.HttpCommandExecutor.execute(HttpCommandExecutor.java:142)
	at org.openqa.selenium.remote.service.DriverCommandExecutor.execute(DriverCommandExecutor.java:83)
	at org.openqa.selenium.remote.RemoteWebDriver.execute(RemoteWebDriver.java:601)
	at org.openqa.selenium.remote.RemoteWebDriver.startSession(RemoteWebDriver.java:219)
	at org.openqa.selenium.remote.RemoteWebDriver.<init>(RemoteWebDriver.java:142)
	at org.openqa.selenium.chrome.ChromeDriver.<init>(ChromeDriver.java:181)
	at org.openqa.selenium.chrome.ChromeDriver.<init>(ChromeDriver.java:168)
	at org.openqa.selenium.chrome.ChromeDriver.<init>(ChromeDriver.java:123)
	at com.etsy.qa.base.TestBase.initialization(TestBase.java:50)
	at com.etsy.qa.testCases.SigninPageTest.setUp(SigninPageTest.java:22)
	at sun.reflect.NativeMethodAccessorImpl.invoke0(Native Method)
	at sun.reflect.NativeMethodAccessorImpl.invoke(Unknown Source)
	at sun.reflect.DelegatingMethodAccessorImpl.invoke(Unknown Source)
	at java.lang.reflect.Method.invoke(Unknown Source)
	at org.testng.internal.MethodInvocationHelper.invokeMethod(MethodInvocationHelper.java:84)
	at org.testng.internal.Invoker.invokeConfigurationMethod(Invoker.java:564)
	at org.testng.internal.Invoker.invokeConfigurations(Invoker.java:213)
	at org.testng.internal.Invoker.invokeMethod(Invoker.java:653)
	at org.testng.internal.Invoker.invokeTestMethod(Invoker.java:901)
	at org.testng.internal.Invoker.invokeTestMethods(Invoker.java:1231)
	at org.testng.internal.TestMethodWorker.invokeTestMethods(TestMethodWorker.java:127)
	at org.testng.internal.TestMethodWorker.run(TestMethodWorker.java:111)
	at org.testng.TestRunner.privateRun(TestRunner.java:767)
	at org.testng.TestRunner.run(TestRunner.java:617)
	at org.testng.SuiteRunner.runTest(SuiteRunner.java:348)
	at org.testng.SuiteRunner.runSequentially(SuiteRunner.java:343)
	at org.testng.SuiteRunner.privateRun(SuiteRunner.java:305)
	at org.testng.SuiteRunner.run(SuiteRunner.java:254)
	at org.testng.SuiteRunnerWorker.runSuite(SuiteRunnerWorker.java:52)
	at org.testng.SuiteRunnerWorker.run(SuiteRunnerWorker.java:86)
	at org.testng.TestNG.runSuitesSequentially(TestNG.java:1224)
	at org.testng.TestNG.runSuitesLocally(TestNG.java:1149)
	at org.testng.TestNG.run(TestNG.java:1057)
	at org.testng.remote.AbstractRemoteTestNG.run(AbstractRemoteTestNG.java:114)
	at org.testng.remote.RemoteTestNG.initAndRun(RemoteTestNG.java:251)
	at org.testng.remote.RemoteTestNG.main(RemoteTestNG.java:77)
]]>
    </failure>
  </testcase> <!-- @BeforeMethod setUp -->
  <testcase name="@AfterMethod tearDown" time="0.0" classname="com.etsy.qa.testCases.SigninPageTest">
    <skipped/>
  </testcase> <!-- @AfterMethod tearDown -->
  <testcase name="@BeforeMethod setUp" time="0.0" classname="com.etsy.qa.testCases.SigninPageTest">
    <skipped/>
  </testcase> <!-- @BeforeMethod setUp -->
  <testcase name="@AfterMethod tearDown" time="0.0" classname="com.etsy.qa.testCases.SigninPageTest">
    <skipped/>
  </testcase> <!-- @AfterMethod tearDown -->
  <testcase name="testSignin" time="0.0" classname="com.etsy.qa.testCases.SigninPageTest">
    <skipped/>
  </testcase> <!-- testSignin -->
  <testcase name="clickOnForRegister" time="0.0" classname="com.etsy.qa.testCases.SigninPageTest">
    <skipped/>
  </testcase> <!-- clickOnForRegister -->
</testsuite> <!-- Default test -->
